2025-02-17 02:47:26,759 - INFO - Analyzing keyword: araba kiralama
2025-02-17 02:47:27,349 - ERROR - SERP API error for keyword 'araba kiralama': 401 Client Error: Unauthorized for url: https://serpapi.com/search?q=araba+kiralama&api_key=YOUR_API_KEY_HERE&num=5&gl=tr&hl=tr
2025-02-17 02:47:27,350 - WARNING - No search results found for keyword: araba kiralama
2025-02-17 02:47:27,350 - INFO - Analysis completed for keyword: araba kiralama
2025-02-17 02:47:27,351 - INFO - Analyzing keyword: evcil hayvan ürünleri
2025-02-17 02:47:27,892 - ERROR - SERP API error for keyword 'evcil hayvan ürünleri': 401 Client Error: Unauthorized for url: https://serpapi.com/search?q=evcil+hayvan+%C3%BCr%C3%BCnleri&api_key=YOUR_API_KEY_HERE&num=5&gl=tr&hl=tr
2025-02-17 02:47:27,893 - WARNING - No search results found for keyword: evcil hayvan ürünleri
2025-02-17 02:47:27,894 - INFO - Analysis completed for keyword: evcil hayvan ürünleri
2025-02-17 02:47:27,894 - INFO - Analyzing keyword: online eğitim
2025-02-17 02:47:28,351 - ERROR - SERP API error for keyword 'online eğitim': 401 Client Error: Unauthorized for url: https://serpapi.com/search?q=online+e%C4%9Fitim&api_key=YOUR_API_KEY_HERE&num=5&gl=tr&hl=tr
2025-02-17 02:47:28,352 - WARNING - No search results found for keyword: online eğitim
2025-02-17 02:47:28,352 - INFO - Analysis completed for keyword: online eğitim
2025-02-17 02:48:29,972 - INFO - Analyzing keyword: araba kiralama
2025-02-17 02:48:30,467 - ERROR - An error occurred during analysis: 
**********************************************************************
  Resource [93mpunkt_tab[0m not found.
  Please use the NLTK Downloader to obtain the resource:

  [31m>>> import nltk
  >>> nltk.download('punkt_tab')
  [0m
  For more information see: https://www.nltk.org/data.html

  Attempted to load [93mtokenizers/punkt_tab/english/[0m

  Searched in:
    - '/home/can/nltk_data'
    - '/home/can/Masaüstü/web/.rvn/nltk_data'
    - '/home/can/Masaüstü/web/.rvn/share/nltk_data'
    - '/home/can/Masaüstü/web/.rvn/lib/nltk_data'
    - '/usr/share/nltk_data'
    - '/usr/local/share/nltk_data'
    - '/usr/lib/nltk_data'
    - '/usr/local/lib/nltk_data'
**********************************************************************

2025-02-17 02:50:59,281 - INFO - Analyzing keyword: araba kiralama
2025-02-17 02:51:00,007 - ERROR - SERP API error for keyword 'araba kiralama': 401 Client Error: Unauthorized for url: https://serpapi.com/search?q=araba+kiralama&api_key=Y94527f54420d26c21b9048060a90049f00f9461d630294134dcf99ec25fab903&num=5&gl=tr&hl=tr
2025-02-17 02:51:00,008 - WARNING - No search results found for keyword: araba kiralama
2025-02-17 02:51:00,008 - INFO - Analysis completed for keyword: araba kiralama
2025-02-17 02:51:00,009 - INFO - Analyzing keyword: evcil hayvan ürünleri
2025-02-17 02:51:00,524 - ERROR - SERP API error for keyword 'evcil hayvan ürünleri': 401 Client Error: Unauthorized for url: https://serpapi.com/search?q=evcil+hayvan+%C3%BCr%C3%BCnleri&api_key=Y94527f54420d26c21b9048060a90049f00f9461d630294134dcf99ec25fab903&num=5&gl=tr&hl=tr
2025-02-17 02:51:00,524 - WARNING - No search results found for keyword: evcil hayvan ürünleri
2025-02-17 02:51:00,524 - INFO - Analysis completed for keyword: evcil hayvan ürünleri
2025-02-17 02:51:00,525 - INFO - Analyzing keyword: online eğitim
2025-02-17 02:51:01,007 - ERROR - SERP API error for keyword 'online eğitim': 401 Client Error: Unauthorized for url: https://serpapi.com/search?q=online+e%C4%9Fitim&api_key=Y94527f54420d26c21b9048060a90049f00f9461d630294134dcf99ec25fab903&num=5&gl=tr&hl=tr
2025-02-17 02:51:01,008 - WARNING - No search results found for keyword: online eğitim
2025-02-17 02:51:01,008 - INFO - Analysis completed for keyword: online eğitim
2025-02-17 02:52:35,111 - INFO - Analyzing keyword: honey
2025-02-17 02:52:35,631 - ERROR - SERP API error for keyword 'honey': 401 Client Error: Unauthorized for url: https://serpapi.com/search?q=honey&api_key=Y94527f54420d26c21b9048060a90049f00f9461d630294134dcf99ec25fab903&num=5&gl=tr&hl=tr
2025-02-17 02:52:35,631 - WARNING - No search results found for keyword: honey
2025-02-17 02:52:35,632 - INFO - Analysis completed for keyword: honey
2025-02-17 02:52:35,632 - INFO - Analyzing keyword: home
2025-02-17 02:52:35,998 - ERROR - SERP API error for keyword 'home': 401 Client Error: Unauthorized for url: https://serpapi.com/search?q=home&api_key=Y94527f54420d26c21b9048060a90049f00f9461d630294134dcf99ec25fab903&num=5&gl=tr&hl=tr
2025-02-17 02:52:35,998 - WARNING - No search results found for keyword: home
2025-02-17 02:52:35,999 - INFO - Analysis completed for keyword: home
2025-02-17 02:52:35,999 - INFO - Analyzing keyword: car
2025-02-17 02:52:36,665 - ERROR - SERP API error for keyword 'car': 401 Client Error: Unauthorized for url: https://serpapi.com/search?q=car&api_key=Y94527f54420d26c21b9048060a90049f00f9461d630294134dcf99ec25fab903&num=5&gl=tr&hl=tr
2025-02-17 02:52:36,667 - WARNING - No search results found for keyword: car
2025-02-17 02:52:36,667 - INFO - Analysis completed for keyword: car
2025-02-17 02:53:22,464 - INFO - Analyzing keyword: honey
2025-02-17 02:53:26,130 - ERROR - An error occurred during analysis: 
**********************************************************************
  Resource [93mpunkt_tab[0m not found.
  Please use the NLTK Downloader to obtain the resource:

  [31m>>> import nltk
  >>> nltk.download('punkt_tab')
  [0m
  For more information see: https://www.nltk.org/data.html

  Attempted to load [93mtokenizers/punkt_tab/english/[0m

  Searched in:
    - '/home/can/nltk_data'
    - '/home/can/Masaüstü/web/.rvn/nltk_data'
    - '/home/can/Masaüstü/web/.rvn/share/nltk_data'
    - '/home/can/Masaüstü/web/.rvn/lib/nltk_data'
    - '/usr/share/nltk_data'
    - '/usr/local/share/nltk_data'
    - '/usr/lib/nltk_data'
    - '/usr/local/lib/nltk_data'
    - '/home/can/nltk_data'
**********************************************************************

2025-02-17 02:55:38,831 - INFO - Analyzing keyword: honey
2025-02-17 02:55:39,259 - ERROR - An error occurred during analysis: 
**********************************************************************
  Resource [93mpunkt_tab[0m not found.
  Please use the NLTK Downloader to obtain the resource:

  [31m>>> import nltk
  >>> nltk.download('punkt_tab')
  [0m
  For more information see: https://www.nltk.org/data.html

  Attempted to load [93mtokenizers/punkt_tab/english/[0m

  Searched in:
    - '/home/can/nltk_data'
    - '/home/can/Masaüstü/web/.rvn/nltk_data'
    - '/home/can/Masaüstü/web/.rvn/share/nltk_data'
    - '/home/can/Masaüstü/web/.rvn/lib/nltk_data'
    - '/usr/share/nltk_data'
    - '/usr/local/share/nltk_data'
    - '/usr/lib/nltk_data'
    - '/usr/local/lib/nltk_data'
    - '/home/can/nltk_data'
**********************************************************************

2025-02-17 02:55:57,243 - ERROR - API doğrulama sırasında hata: 'KeywordAnalyzer' object has no attribute 'serp_api_key'
2025-02-17 02:55:57,243 - ERROR - An error occurred during analysis: Geçersiz SERP API anahtarı
2025-02-17 02:56:20,108 - ERROR - API doğrulama sırasında hata: 'KeywordAnalyzer' object has no attribute 'serp_api_key'
2025-02-17 02:56:20,108 - ERROR - An error occurred during analysis: Geçersiz SERP API anahtarı
2025-02-17 02:58:06,218 - ERROR - API doğrulama sırasında hata: 'KeywordAnalyzer' object has no attribute 'serp_api_key'
2025-02-17 02:58:06,218 - ERROR - An error occurred during analysis: Geçersiz SERP API anahtarı
2025-02-17 02:58:21,361 - ERROR - API doğrulama sırasında hata: 'KeywordAnalyzer' object has no attribute 'serp_api_key'
2025-02-17 02:58:21,361 - ERROR - An error occurred during analysis: Geçersiz SERP API anahtarı
